<?xml version="1.0" encoding="UTF-8"?>
<testsuite name="com.test.ShortestPathAsDijkstraTest" tests="1" skipped="0" failures="0" errors="0" timestamp="2015-09-10T09:03:50" hostname="Sren-Norman-Pedersens-MacBook-Pro.local" time="0.032">
  <properties/>
  <testcase name="verifyShortestPathSearchWithASingleHop" classname="com.test.ShortestPathAsDijkstraTest" time="0.032"/>
  <system-out><![CDATA[]]></system-out>
  <system-err><![CDATA[]]></system-err>
</testsuite>
